Copyright 1986-2022 Xilinx, Inc. All Rights Reserved.
------------------------------------------------------------------------------------------
| Tool Version : Vivado v.2022.2 (win64) Build 3671981 Fri Oct 14 05:00:03 MDT 2022
| Date         : Thu Jan 23 10:03:57 2025
| Host         : gcp-pcp-rigaud running 64-bit major release  (build 9200)
| Command      : report_control_sets -verbose -file inter_spartan_control_sets_placed.rpt
| Design       : inter_spartan
| Device       : xc7z020
------------------------------------------------------------------------------------------

Control Set Information

Table of Contents
-----------------
1. Summary
2. Histogram
3. Flip-Flop Distribution
4. Detailed Control Set Information

1. Summary
----------

+----------------------------------------------------------+-------+
|                          Status                          | Count |
+----------------------------------------------------------+-------+
| Total control sets                                       |    21 |
|    Minimum number of control sets                        |    21 |
|    Addition due to synthesis replication                 |     0 |
|    Addition due to physical synthesis replication        |     0 |
| Unused register locations in slices containing registers |    22 |
+----------------------------------------------------------+-------+
* Control sets can be merged at opt_design using control_set_merge or merge_equivalent_drivers
** Run report_qor_suggestions for automated merging and remapping suggestions


2. Histogram
------------

+--------------------+-------+
|       Fanout       | Count |
+--------------------+-------+
| Total control sets |    21 |
| >= 0 to < 4        |     0 |
| >= 4 to < 6        |     2 |
| >= 6 to < 8        |     0 |
| >= 8 to < 10       |     4 |
| >= 10 to < 12      |     0 |
| >= 12 to < 14      |     1 |
| >= 14 to < 16      |     1 |
| >= 16              |    13 |
+--------------------+-------+
* Control sets can be remapped at either synth_design or opt_design


3. Flip-Flop Distribution
-------------------------

+--------------+-----------------------+------------------------+-----------------+--------------+
| Clock Enable | Synchronous Set/Reset | Asynchronous Set/Reset | Total Registers | Total Slices |
+--------------+-----------------------+------------------------+-----------------+--------------+
| No           | No                    | No                     |               0 |            0 |
| No           | No                    | Yes                    |             126 |           32 |
| No           | Yes                   | No                     |               0 |            0 |
| Yes          | No                    | No                     |               0 |            0 |
| Yes          | No                    | Yes                    |            5476 |         1152 |
| Yes          | Yes                   | No                     |               0 |            0 |
+--------------+-----------------------+------------------------+-----------------+--------------+


4. Detailed Control Set Information
-----------------------------------

+--------------------------+--------------------------------------------------+------------------+------------------+----------------+--------------+
|       Clock Signal       |                   Enable Signal                  | Set/Reset Signal | Slice Load Count | Bel Load Count | Bels / Slice |
+--------------------------+--------------------------------------------------+------------------+------------------+----------------+--------------+
|  clock_gen/inst/clk_out1 | u_ascon/U0/enable_round_o                        | reset_i_IBUF     |                2 |              4 |         2.00 |
|  clock_gen/inst/clk_out1 | u_drive_ascon/en_cpt_mux_o                       | reset_i_IBUF     |                1 |              5 |         5.00 |
|  clock_gen/inst/clk_out1 | uart_core_0/receive_0/sel_s                      | reset_i_IBUF     |                2 |              8 |         4.00 |
|  clock_gen/inst/clk_out1 | uart_core_0/transmit_0/sel_reg_s                 | reset_i_IBUF     |                5 |              8 |         1.60 |
|  clock_gen/inst/clk_out1 | fsm_uart_0/en_trans_s                            | reset_i_IBUF     |                1 |              8 |         8.00 |
|  clock_gen/inst/clk_out1 | fsm_uart_0/en_cpt_s                              | reset_i_IBUF     |                4 |              9 |         2.25 |
|  clock_gen/inst/clk_out1 | uart_core_0/receive_0/en_cpt_s                   | reset_i_IBUF     |                2 |             12 |         6.00 |
|  clock_gen/inst/clk_out1 | uart_core_0/transmit_0/en_reg_s                  | reset_i_IBUF     |                4 |             14 |         3.50 |
|  clock_gen/inst/clk_out1 | uart_core_0/baud_generator_0/Top16_o             | reset_i_IBUF     |                6 |             16 |         2.67 |
|  clock_gen/inst/clk_out1 | uart_core_0/baud_generator_0/rxDiv_s[15]_i_1_n_0 | reset_i_IBUF     |                5 |             16 |         3.20 |
|  clock_gen/inst/clk_out1 | fsm_uart_0/en_ad_s                               | reset_i_IBUF     |               23 |             64 |         2.78 |
|  clock_gen/inst/clk_out1 | u_ascon/U0/en_cipher_o                           | reset_i_IBUF     |               22 |             64 |         2.91 |
|  clock_gen/inst/clk_out1 |                                                  | reset_i_IBUF     |               32 |            126 |         3.94 |
|  clock_gen/inst/clk_out1 | fsm_uart_0/en_nonce_s                            | reset_i_IBUF     |               26 |            128 |         4.92 |
|  clock_gen/inst/clk_out1 | fsm_uart_0/en_key_s                              | reset_i_IBUF     |               43 |            128 |         2.98 |
|  clock_gen/inst/clk_out1 | fsm_uart_0/en_tag_s                              | reset_i_IBUF     |               22 |            128 |         5.82 |
|  clock_gen/inst/clk_out1 | u_ascon/U0/en_tag_o                              | reset_i_IBUF     |               45 |            128 |         2.84 |
|  clock_gen/inst/clk_out1 | u_ascon/U0/en_reg_state_o                        | reset_i_IBUF     |              108 |            320 |         2.96 |
|  clock_gen/inst/clk_out1 | fsm_uart_0/en_cipher_s                           | reset_i_IBUF     |              232 |           1472 |         6.34 |
|  clock_gen/inst/clk_out1 | fsm_uart_0/en_wave_s                             | reset_i_IBUF     |              315 |           1472 |         4.67 |
|  clock_gen/inst/clk_out1 | u_drive_ascon/en_reg_ascon_o                     | reset_i_IBUF     |              284 |           1472 |         5.18 |
+--------------------------+--------------------------------------------------+------------------+------------------+----------------+--------------+


