
*** Running vivado
    with args -log inter_spartan.vds -m64 -product Vivado -mode batch -messageDb vivado.pb -notrace -source inter_spartan.tcl



****** Vivado v2022.2 (64-bit)
  **** SW Build 3671981 on Fri Oct 14 05:00:03 MDT 2022
  **** IP Build 3669848 on Fri Oct 14 08:30:02 MDT 2022
    ** Copyright 1986-2022 Xilinx, Inc. All Rights Reserved.

source inter_spartan.tcl -notrace
Command: read_checkpoint -auto_incremental -incremental C:/Users/eleves/new_fpga_25mars/new_fpga_25mars.srcs/utils_1/imports/synth_1/inter_spartan.dcp
INFO: [Vivado 12-5825] Read reference checkpoint from C:/Users/eleves/new_fpga_25mars/new_fpga_25mars.srcs/utils_1/imports/synth_1/inter_spartan.dcp for incremental synthesis
INFO: [Vivado 12-7989] Please ensure there are no constraint changes
Command: synth_design -top inter_spartan -part xc7z020clg400-1
Starting synth_design
Attempting to get a license for feature 'Synthesis' and/or device 'xc7z020'
INFO: [Common 17-349] Got license for feature 'Synthesis' and/or device 'xc7z020'
INFO: [Device 21-403] Loading part xc7z020clg400-1
INFO: [Designutils 20-5440] No compile time benefit to using incremental synthesis; A full resynthesis will be run
INFO: [Designutils 20-4379] Flow is switching to default flow due to incremental criteria not met. If you would like to alter this behaviour and have the flow terminate instead, please set the following parameter config_implementation {autoIncr.Synth.RejectBehavior Terminate}
INFO: [Synth 8-7079] Multithreading enabled for synth_design using a maximum of 2 processes.
INFO: [Synth 8-7078] Launching helper process for spawning children vivado processes
INFO: [Synth 8-7075] Helper process launched with PID 6268
INFO: [Synth 8-11241] undeclared symbol 'REGCCE', assumed default net type 'wire' [C:/Xilinx/Vivado/2022.2/data/verilog/src/unimacro/BRAM_SINGLE_MACRO.v:2170]
---------------------------------------------------------------------------------
Starting RTL Elaboration : Time (s): cpu = 00:00:05 ; elapsed = 00:00:05 . Memory (MB): peak = 1392.082 ; gain = 408.832
---------------------------------------------------------------------------------
INFO: [Synth 8-6157] synthesizing module 'inter_spartan' [C:/Users/eleves/new_fpga_25mars/new_fpga_25mars.srcs/sources_1/imports/RTL2/inter_spartan.sv:3]
INFO: [Synth 8-6157] synthesizing module 'clk_wiz_0' [C:/Users/eleves/new_fpga_25mars/new_fpga_25mars.runs/synth_1/.Xil/Vivado-10228-GCP-E106-25/realtime/clk_wiz_0_stub.v:5]
INFO: [Synth 8-6155] done synthesizing module 'clk_wiz_0' (0#1) [C:/Users/eleves/new_fpga_25mars/new_fpga_25mars.runs/synth_1/.Xil/Vivado-10228-GCP-E106-25/realtime/clk_wiz_0_stub.v:5]
WARNING: [Synth 8-4446] all outputs are unconnected for this instance and logic may be removed [C:/Users/eleves/new_fpga_25mars/new_fpga_25mars.srcs/sources_1/imports/RTL2/inter_spartan.sv:69]
INFO: [Synth 8-6157] synthesizing module 'ila_0' [C:/Users/eleves/new_fpga_25mars/new_fpga_25mars.runs/synth_1/.Xil/Vivado-10228-GCP-E106-25/realtime/ila_0_stub.v:5]
INFO: [Synth 8-6155] done synthesizing module 'ila_0' (0#1) [C:/Users/eleves/new_fpga_25mars/new_fpga_25mars.runs/synth_1/.Xil/Vivado-10228-GCP-E106-25/realtime/ila_0_stub.v:5]
INFO: [Synth 8-6157] synthesizing module 'uart_core' [C:/Users/eleves/new_fpga_25mars/new_fpga_25mars.srcs/sources_1/imports/RTL2/uart_core.sv:3]
INFO: [Synth 8-6157] synthesizing module 'baud_generator' [C:/Users/eleves/new_fpga_25mars/new_fpga_25mars.srcs/sources_1/imports/RTL2/baud_generator.sv:1]
INFO: [Synth 8-226] default block is never used [C:/Users/eleves/new_fpga_25mars/new_fpga_25mars.srcs/sources_1/imports/RTL2/baud_generator.sv:36]
INFO: [Synth 8-6155] done synthesizing module 'baud_generator' (0#1) [C:/Users/eleves/new_fpga_25mars/new_fpga_25mars.srcs/sources_1/imports/RTL2/baud_generator.sv:1]
INFO: [Synth 8-6157] synthesizing module 'transmit' [C:/Users/eleves/new_fpga_25mars/new_fpga_25mars.srcs/sources_1/imports/RTL2/transmit.sv:3]
INFO: [Synth 8-6157] synthesizing module 'txbit_dcounter' [C:/Users/eleves/new_fpga_25mars/new_fpga_25mars.srcs/sources_1/imports/RTL2/txbit_dcounter.sv:3]
INFO: [Synth 8-6155] done synthesizing module 'txbit_dcounter' (0#1) [C:/Users/eleves/new_fpga_25mars/new_fpga_25mars.srcs/sources_1/imports/RTL2/txbit_dcounter.sv:3]
INFO: [Synth 8-6157] synthesizing module 'tx_reg' [C:/Users/eleves/new_fpga_25mars/new_fpga_25mars.srcs/sources_1/imports/RTL2/tx_reg.sv:3]
INFO: [Synth 8-6155] done synthesizing module 'tx_reg' (0#1) [C:/Users/eleves/new_fpga_25mars/new_fpga_25mars.srcs/sources_1/imports/RTL2/tx_reg.sv:3]
INFO: [Synth 8-6157] synthesizing module 'reg_sel' [C:/Users/eleves/new_fpga_25mars/new_fpga_25mars.srcs/sources_1/imports/RTL2/reg_sel.sv:3]
INFO: [Synth 8-6155] done synthesizing module 'reg_sel' (0#1) [C:/Users/eleves/new_fpga_25mars/new_fpga_25mars.srcs/sources_1/imports/RTL2/reg_sel.sv:3]
INFO: [Synth 8-6155] done synthesizing module 'transmit' (0#1) [C:/Users/eleves/new_fpga_25mars/new_fpga_25mars.srcs/sources_1/imports/RTL2/transmit.sv:3]
INFO: [Synth 8-6157] synthesizing module 'receive' [C:/Users/eleves/new_fpga_25mars/new_fpga_25mars.srcs/sources_1/imports/RTL2/receive.sv:3]
INFO: [Synth 8-6157] synthesizing module 'rx_reg' [C:/Users/eleves/new_fpga_25mars/new_fpga_25mars.srcs/sources_1/imports/RTL2/rx_reg.sv:3]
INFO: [Synth 8-6155] done synthesizing module 'rx_reg' (0#1) [C:/Users/eleves/new_fpga_25mars/new_fpga_25mars.srcs/sources_1/imports/RTL2/rx_reg.sv:3]
INFO: [Synth 8-6157] synthesizing module 'rxbit_dcounter' [C:/Users/eleves/new_fpga_25mars/new_fpga_25mars.srcs/sources_1/imports/RTL2/rxbit_dcounter.sv:3]
INFO: [Synth 8-6155] done synthesizing module 'rxbit_dcounter' (0#1) [C:/Users/eleves/new_fpga_25mars/new_fpga_25mars.srcs/sources_1/imports/RTL2/rxbit_dcounter.sv:3]
INFO: [Synth 8-6155] done synthesizing module 'receive' (0#1) [C:/Users/eleves/new_fpga_25mars/new_fpga_25mars.srcs/sources_1/imports/RTL2/receive.sv:3]
INFO: [Synth 8-6155] done synthesizing module 'uart_core' (0#1) [C:/Users/eleves/new_fpga_25mars/new_fpga_25mars.srcs/sources_1/imports/RTL2/uart_core.sv:3]
INFO: [Synth 8-6157] synthesizing module 'fsm_uart' [C:/Users/eleves/new_fpga_25mars/new_fpga_25mars.srcs/sources_1/imports/RTL2/fsm_uart.sv:5]
INFO: [Synth 8-6157] synthesizing module 'key_reg' [C:/Users/eleves/new_fpga_25mars/new_fpga_25mars.srcs/sources_1/imports/RTL2/key_reg.sv:3]
INFO: [Synth 8-6155] done synthesizing module 'key_reg' (0#1) [C:/Users/eleves/new_fpga_25mars/new_fpga_25mars.srcs/sources_1/imports/RTL2/key_reg.sv:3]
INFO: [Synth 8-6157] synthesizing module 'nonce_reg' [C:/Users/eleves/new_fpga_25mars/new_fpga_25mars.srcs/sources_1/imports/RTL2/nonce_reg.sv:3]
INFO: [Synth 8-6155] done synthesizing module 'nonce_reg' (0#1) [C:/Users/eleves/new_fpga_25mars/new_fpga_25mars.srcs/sources_1/imports/RTL2/nonce_reg.sv:3]
INFO: [Synth 8-6157] synthesizing module 'ad_reg' [C:/Users/eleves/new_fpga_25mars/new_fpga_25mars.srcs/sources_1/imports/RTL2/ad_reg.sv:3]
INFO: [Synth 8-6155] done synthesizing module 'ad_reg' (0#1) [C:/Users/eleves/new_fpga_25mars/new_fpga_25mars.srcs/sources_1/imports/RTL2/ad_reg.sv:3]
INFO: [Synth 8-6157] synthesizing module 'wave_reg' [C:/Users/eleves/new_fpga_25mars/new_fpga_25mars.srcs/sources_1/imports/RTL2/wave_reg.sv:3]
INFO: [Synth 8-6155] done synthesizing module 'wave_reg' (0#1) [C:/Users/eleves/new_fpga_25mars/new_fpga_25mars.srcs/sources_1/imports/RTL2/wave_reg.sv:3]
INFO: [Synth 8-6157] synthesizing module 'cipher_reg' [C:/Users/eleves/new_fpga_25mars/new_fpga_25mars.srcs/sources_1/imports/RTL2/cipher_reg.sv:3]
INFO: [Synth 8-6155] done synthesizing module 'cipher_reg' (0#1) [C:/Users/eleves/new_fpga_25mars/new_fpga_25mars.srcs/sources_1/imports/RTL2/cipher_reg.sv:3]
INFO: [Synth 8-6157] synthesizing module 'tag_reg' [C:/Users/eleves/new_fpga_25mars/new_fpga_25mars.srcs/sources_1/imports/RTL2/tag_reg.sv:3]
INFO: [Synth 8-6155] done synthesizing module 'tag_reg' (0#1) [C:/Users/eleves/new_fpga_25mars/new_fpga_25mars.srcs/sources_1/imports/RTL2/tag_reg.sv:3]
INFO: [Synth 8-6157] synthesizing module 'fsm_dcounter' [C:/Users/eleves/new_fpga_25mars/new_fpga_25mars.srcs/sources_1/imports/RTL2/fsm_dcounter.sv:3]
INFO: [Synth 8-6155] done synthesizing module 'fsm_dcounter' (0#1) [C:/Users/eleves/new_fpga_25mars/new_fpga_25mars.srcs/sources_1/imports/RTL2/fsm_dcounter.sv:3]
INFO: [Synth 8-6157] synthesizing module 'trans_receive' [C:/Users/eleves/new_fpga_25mars/new_fpga_25mars.srcs/sources_1/imports/RTL2/trans_receive.sv:3]
INFO: [Synth 8-6155] done synthesizing module 'trans_receive' (0#1) [C:/Users/eleves/new_fpga_25mars/new_fpga_25mars.srcs/sources_1/imports/RTL2/trans_receive.sv:3]
INFO: [Synth 8-6155] done synthesizing module 'fsm_uart' (0#1) [C:/Users/eleves/new_fpga_25mars/new_fpga_25mars.srcs/sources_1/imports/RTL2/fsm_uart.sv:5]
INFO: [Synth 8-6157] synthesizing module 'ascon' [C:/Users/eleves/new_fpga_25mars/new_fpga_25mars.srcs/sources_1/imports/Downloads/ascon.sv:5]
INFO: [Synth 8-6157] synthesizing module 'fsm_moore' [C:/Users/eleves/new_fpga_25mars/new_fpga_25mars.srcs/sources_1/imports/Downloads/fsm_moore.sv:4]
INFO: [Synth 8-6155] done synthesizing module 'fsm_moore' (0#1) [C:/Users/eleves/new_fpga_25mars/new_fpga_25mars.srcs/sources_1/imports/Downloads/fsm_moore.sv:4]
INFO: [Synth 8-6157] synthesizing module 'compteur_double_init' [C:/Users/eleves/new_fpga_25mars/new_fpga_25mars.srcs/sources_1/imports/Downloads/compteur_double_init.sv:12]
INFO: [Synth 8-6155] done synthesizing module 'compteur_double_init' (0#1) [C:/Users/eleves/new_fpga_25mars/new_fpga_25mars.srcs/sources_1/imports/Downloads/compteur_double_init.sv:12]
INFO: [Synth 8-6157] synthesizing module 'Permutation' [C:/Users/eleves/new_fpga_25mars/new_fpga_25mars.srcs/sources_1/imports/Downloads/Permutation.sv:4]
INFO: [Synth 8-6157] synthesizing module 'mux_state' [C:/Users/eleves/new_fpga_25mars/new_fpga_25mars.srcs/sources_1/imports/Downloads/mux_state.sv:12]
INFO: [Synth 8-6155] done synthesizing module 'mux_state' (0#1) [C:/Users/eleves/new_fpga_25mars/new_fpga_25mars.srcs/sources_1/imports/Downloads/mux_state.sv:12]
INFO: [Synth 8-6157] synthesizing module 'xor_begin_perm' [C:/Users/eleves/new_fpga_25mars/new_fpga_25mars.srcs/sources_1/imports/Downloads/xor_begin_perm.sv:12]
INFO: [Synth 8-6155] done synthesizing module 'xor_begin_perm' (0#1) [C:/Users/eleves/new_fpga_25mars/new_fpga_25mars.srcs/sources_1/imports/Downloads/xor_begin_perm.sv:12]
INFO: [Synth 8-6157] synthesizing module 'register_w_en' [C:/Users/eleves/new_fpga_25mars/new_fpga_25mars.srcs/sources_1/imports/Downloads/register_w_en.sv:12]
	Parameter nb_bits_g bound to: 64 - type: integer 
INFO: [Synth 8-6155] done synthesizing module 'register_w_en' (0#1) [C:/Users/eleves/new_fpga_25mars/new_fpga_25mars.srcs/sources_1/imports/Downloads/register_w_en.sv:12]
INFO: [Synth 8-6157] synthesizing module 'Pc' [C:/Users/eleves/new_fpga_25mars/new_fpga_25mars.srcs/sources_1/imports/Downloads/Pc.sv:4]
INFO: [Synth 8-6155] done synthesizing module 'Pc' (0#1) [C:/Users/eleves/new_fpga_25mars/new_fpga_25mars.srcs/sources_1/imports/Downloads/Pc.sv:4]
INFO: [Synth 8-6157] synthesizing module 'Ps' [C:/Users/eleves/new_fpga_25mars/new_fpga_25mars.srcs/sources_1/imports/Downloads/Ps.sv:1]
INFO: [Synth 8-6157] synthesizing module 'sbox' [C:/Users/eleves/new_fpga_25mars/new_fpga_25mars.srcs/sources_1/imports/Downloads/Sbox.sv:1]
INFO: [Synth 8-6155] done synthesizing module 'sbox' (0#1) [C:/Users/eleves/new_fpga_25mars/new_fpga_25mars.srcs/sources_1/imports/Downloads/Sbox.sv:1]
INFO: [Synth 8-6155] done synthesizing module 'Ps' (0#1) [C:/Users/eleves/new_fpga_25mars/new_fpga_25mars.srcs/sources_1/imports/Downloads/Ps.sv:1]
INFO: [Synth 8-6157] synthesizing module 'Pl' [C:/Users/eleves/new_fpga_25mars/new_fpga_25mars.srcs/sources_1/imports/Downloads/Pl.sv:4]
INFO: [Synth 8-6155] done synthesizing module 'Pl' (0#1) [C:/Users/eleves/new_fpga_25mars/new_fpga_25mars.srcs/sources_1/imports/Downloads/Pl.sv:4]
INFO: [Synth 8-6157] synthesizing module 'xor_end_perm' [C:/Users/eleves/new_fpga_25mars/new_fpga_25mars.srcs/sources_1/imports/Downloads/xor_end_perm.sv:12]
INFO: [Synth 8-6155] done synthesizing module 'xor_end_perm' (0#1) [C:/Users/eleves/new_fpga_25mars/new_fpga_25mars.srcs/sources_1/imports/Downloads/xor_end_perm.sv:12]
INFO: [Synth 8-6157] synthesizing module 'state_register_w_en' [C:/Users/eleves/new_fpga_25mars/new_fpga_25mars.srcs/sources_1/imports/Downloads/state_register_w_en.sv:12]
INFO: [Synth 8-6155] done synthesizing module 'state_register_w_en' (0#1) [C:/Users/eleves/new_fpga_25mars/new_fpga_25mars.srcs/sources_1/imports/Downloads/state_register_w_en.sv:12]
INFO: [Synth 8-6157] synthesizing module 'register_w_en__parameterized0' [C:/Users/eleves/new_fpga_25mars/new_fpga_25mars.srcs/sources_1/imports/Downloads/register_w_en.sv:12]
	Parameter nb_bits_g bound to: 128 - type: integer 
INFO: [Synth 8-6155] done synthesizing module 'register_w_en__parameterized0' (0#1) [C:/Users/eleves/new_fpga_25mars/new_fpga_25mars.srcs/sources_1/imports/Downloads/register_w_en.sv:12]
INFO: [Synth 8-6155] done synthesizing module 'Permutation' (0#1) [C:/Users/eleves/new_fpga_25mars/new_fpga_25mars.srcs/sources_1/imports/Downloads/Permutation.sv:4]
INFO: [Synth 8-6155] done synthesizing module 'ascon' (0#1) [C:/Users/eleves/new_fpga_25mars/new_fpga_25mars.srcs/sources_1/imports/Downloads/ascon.sv:5]
INFO: [Synth 8-6157] synthesizing module 'ascon_fsm' [C:/Users/eleves/new_fpga_25mars/new_fpga_25mars.srcs/sources_1/imports/new/fsm_ascon.sv:1]
WARNING: [Synth 8-4446] all outputs are unconnected for this instance and logic may be removed [C:/Users/eleves/new_fpga_25mars/new_fpga_25mars.srcs/sources_1/imports/new/fsm_ascon.sv:27]
INFO: [Synth 8-6157] synthesizing module 'ila_1' [C:/Users/eleves/new_fpga_25mars/new_fpga_25mars.runs/synth_1/.Xil/Vivado-10228-GCP-E106-25/realtime/ila_1_stub.v:5]
INFO: [Synth 8-6155] done synthesizing module 'ila_1' (0#1) [C:/Users/eleves/new_fpga_25mars/new_fpga_25mars.runs/synth_1/.Xil/Vivado-10228-GCP-E106-25/realtime/ila_1_stub.v:5]
INFO: [Synth 8-6155] done synthesizing module 'ascon_fsm' (0#1) [C:/Users/eleves/new_fpga_25mars/new_fpga_25mars.srcs/sources_1/imports/new/fsm_ascon.sv:1]
WARNING: [Synth 8-324] index 23 out of range [C:/Users/eleves/new_fpga_25mars/new_fpga_25mars.srcs/sources_1/imports/RTL2/inter_spartan.sv:185]
INFO: [Synth 8-6157] synthesizing module 'ascon_reg' [C:/Users/eleves/new_fpga_25mars/new_fpga_25mars.srcs/sources_1/imports/RTL2/ascon_reg.sv:3]
INFO: [Synth 8-6155] done synthesizing module 'ascon_reg' (0#1) [C:/Users/eleves/new_fpga_25mars/new_fpga_25mars.srcs/sources_1/imports/RTL2/ascon_reg.sv:3]
INFO: [Synth 8-6155] done synthesizing module 'inter_spartan' (0#1) [C:/Users/eleves/new_fpga_25mars/new_fpga_25mars.srcs/sources_1/imports/RTL2/inter_spartan.sv:3]
INFO: [Synth 8-6071] Mark debug on the nets applies keep_hierarchy on instance 'ascon_fsm_0'. This will prevent further optimization [C:/Users/eleves/new_fpga_25mars/new_fpga_25mars.srcs/sources_1/imports/RTL2/inter_spartan.sv:134]
INFO: [Synth 8-6071] Mark debug on the nets applies keep_hierarchy on instance 'your_instance_name'. This will prevent further optimization [C:/Users/eleves/new_fpga_25mars/new_fpga_25mars.srcs/sources_1/imports/new/fsm_ascon.sv:27]
WARNING: [Synth 8-87] always_comb on 'counter_reg' did not result in combinational logic [C:/Users/eleves/new_fpga_25mars/new_fpga_25mars.srcs/sources_1/imports/new/fsm_ascon.sv:82]
WARNING: [Synth 8-87] always_comb on 'associate_data_o_reg' did not result in combinational logic [C:/Users/eleves/new_fpga_25mars/new_fpga_25mars.srcs/sources_1/imports/new/fsm_ascon.sv:91]
WARNING: [Synth 8-87] always_comb on 'data_o_reg' did not result in combinational logic [C:/Users/eleves/new_fpga_25mars/new_fpga_25mars.srcs/sources_1/imports/new/fsm_ascon.sv:93]
INFO: [Synth 8-6071] Mark debug on the nets applies keep_hierarchy on instance 'uart_core_0'. This will prevent further optimization [C:/Users/eleves/new_fpga_25mars/new_fpga_25mars.srcs/sources_1/imports/RTL2/inter_spartan.sv:79]
INFO: [Synth 8-6071] Mark debug on the nets applies keep_hierarchy on instance 'fsm_uart_0'. This will prevent further optimization [C:/Users/eleves/new_fpga_25mars/new_fpga_25mars.srcs/sources_1/imports/RTL2/inter_spartan.sv:93]
INFO: [Synth 8-6071] Mark debug on the nets applies keep_hierarchy on instance 'ila_inst_0'. This will prevent further optimization [C:/Users/eleves/new_fpga_25mars/new_fpga_25mars.srcs/sources_1/imports/RTL2/inter_spartan.sv:69]
INFO: [Synth 8-6071] Mark debug on the nets applies keep_hierarchy on instance 'ascon_0'. This will prevent further optimization [C:/Users/eleves/new_fpga_25mars/new_fpga_25mars.srcs/sources_1/imports/RTL2/inter_spartan.sv:113]
WARNING: [Synth 8-7129] Port cipher_valid_i in module ascon_fsm is either unconnected or has no load
WARNING: [Synth 8-7129] Port RXErr_i in module fsm_uart is either unconnected or has no load
---------------------------------------------------------------------------------
Finished RTL Elaboration : Time (s): cpu = 00:00:07 ; elapsed = 00:00:07 . Memory (MB): peak = 1503.270 ; gain = 520.020
---------------------------------------------------------------------------------
---------------------------------------------------------------------------------
Start Handling Custom Attributes
---------------------------------------------------------------------------------
---------------------------------------------------------------------------------
Finished Handling Custom Attributes : Time (s): cpu = 00:00:07 ; elapsed = 00:00:07 . Memory (MB): peak = 1503.270 ; gain = 520.020
---------------------------------------------------------------------------------
---------------------------------------------------------------------------------
Finished RTL Optimization Phase 1 : Time (s): cpu = 00:00:07 ; elapsed = 00:00:07 . Memory (MB): peak = 1503.270 ; gain = 520.020
---------------------------------------------------------------------------------
Netlist sorting complete. Time (s): cpu = 00:00:00 ; elapsed = 00:00:00.163 . Memory (MB): peak = 1503.270 ; gain = 0.000
INFO: [Project 1-570] Preparing netlist for logic optimization

Processing XDC Constraints
Initializing timing engine
Parsing XDC File [c:/Users/eleves/new_fpga_25mars/new_fpga_25mars.gen/sources_1/ip/clk_wiz_0/clk_wiz_0/clk_wiz_0_in_context.xdc] for cell 'clock_0'
Finished Parsing XDC File [c:/Users/eleves/new_fpga_25mars/new_fpga_25mars.gen/sources_1/ip/clk_wiz_0/clk_wiz_0/clk_wiz_0_in_context.xdc] for cell 'clock_0'
Parsing XDC File [c:/Users/eleves/new_fpga_25mars/new_fpga_25mars.gen/sources_1/ip/ila_0/ila_0/ila_0_in_context.xdc] for cell 'ila_inst_0'
Finished Parsing XDC File [c:/Users/eleves/new_fpga_25mars/new_fpga_25mars.gen/sources_1/ip/ila_0/ila_0/ila_0_in_context.xdc] for cell 'ila_inst_0'
Parsing XDC File [c:/Users/eleves/new_fpga_25mars/new_fpga_25mars.gen/sources_1/ip/ila_1/ila_1/ila_1_in_context.xdc] for cell 'ascon_fsm_0/your_instance_name'
Finished Parsing XDC File [c:/Users/eleves/new_fpga_25mars/new_fpga_25mars.gen/sources_1/ip/ila_1/ila_1/ila_1_in_context.xdc] for cell 'ascon_fsm_0/your_instance_name'
Parsing XDC File [C:/Users/eleves/new_fpga_25mars/new_fpga_25mars.srcs/constrs_1/imports/new/uart_test.xdc]
Finished Parsing XDC File [C:/Users/eleves/new_fpga_25mars/new_fpga_25mars.srcs/constrs_1/imports/new/uart_test.xdc]
INFO: [Project 1-236] Implementation specific constraints were found while reading constraint file [C:/Users/eleves/new_fpga_25mars/new_fpga_25mars.srcs/constrs_1/imports/new/uart_test.xdc]. These constraints will be ignored for synthesis but will be used in implementation. Impacted constraints are listed in the file [.Xil/inter_spartan_propImpl.xdc].
Resolution: To avoid this warning, move constraints listed in [.Xil/inter_spartan_propImpl.xdc] to another XDC file and exclude this new file from synthesis with the used_in_synthesis property (File Properties dialog in GUI) and re-run elaboration/synthesis.
Completed Processing XDC Constraints

Netlist sorting complete. Time (s): cpu = 00:00:00 ; elapsed = 00:00:00.002 . Memory (MB): peak = 1563.207 ; gain = 0.000
INFO: [Project 1-111] Unisim Transformation Summary:
No Unisim elements were transformed.

Constraint Validation Runtime : Time (s): cpu = 00:00:00 ; elapsed = 00:00:00.034 . Memory (MB): peak = 1563.207 ; gain = 0.000
INFO: [Designutils 20-5440] No compile time benefit to using incremental synthesis; A full resynthesis will be run
INFO: [Designutils 20-4379] Flow is switching to default flow due to incremental criteria not met. If you would like to alter this behaviour and have the flow terminate instead, please set the following parameter config_implementation {autoIncr.Synth.RejectBehavior Terminate}
INFO: [Synth 8-11241] undeclared symbol 'REGCCE', assumed default net type 'wire' [C:/Xilinx/Vivado/2022.2/data/verilog/src/unimacro/BRAM_SINGLE_MACRO.v:2170]
---------------------------------------------------------------------------------
Finished Constraint Validation : Time (s): cpu = 00:00:16 ; elapsed = 00:00:17 . Memory (MB): peak = 1563.207 ; gain = 579.957
---------------------------------------------------------------------------------
---------------------------------------------------------------------------------
Start Loading Part and Timing Information
---------------------------------------------------------------------------------
Loading part: xc7z020clg400-1
---------------------------------------------------------------------------------
Finished Loading Part and Timing Information : Time (s): cpu = 00:00:16 ; elapsed = 00:00:17 . Memory (MB): peak = 1563.207 ; gain = 579.957
---------------------------------------------------------------------------------
---------------------------------------------------------------------------------
Start Applying 'set_property' XDC Constraints
---------------------------------------------------------------------------------
Applied set_property IO_BUFFER_TYPE = NONE for clock_i. (constraint file  c:/Users/eleves/new_fpga_25mars/new_fpga_25mars.gen/sources_1/ip/clk_wiz_0/clk_wiz_0/clk_wiz_0_in_context.xdc, line 3).
Applied set_property CLOCK_BUFFER_TYPE = NONE for clock_i. (constraint file  c:/Users/eleves/new_fpga_25mars/new_fpga_25mars.gen/sources_1/ip/clk_wiz_0/clk_wiz_0/clk_wiz_0_in_context.xdc, line 4).
Applied set_property KEEP_HIERARCHY = SOFT for clock_0. (constraint file  auto generated constraint).
Applied set_property KEEP_HIERARCHY = SOFT for ila_inst_0. (constraint file  auto generated constraint).
Applied set_property KEEP_HIERARCHY = SOFT for ascon_fsm_0/your_instance_name. (constraint file  auto generated constraint).
---------------------------------------------------------------------------------
Finished applying 'set_property' XDC Constraints : Time (s): cpu = 00:00:16 ; elapsed = 00:00:17 . Memory (MB): peak = 1563.207 ; gain = 579.957
---------------------------------------------------------------------------------
INFO: [Synth 8-802] inferred FSM for state register 'current_state_reg' in module 'transmit'
INFO: [Synth 8-802] inferred FSM for state register 'etat_p_reg' in module 'receive'
INFO: [Synth 8-802] inferred FSM for state register 'etat_p_reg' in module 'fsm_uart'
INFO: [Synth 8-802] inferred FSM for state register 'Ep_reg' in module 'fsm_moore'
INFO: [Synth 8-802] inferred FSM for state register 'etat_p_reg' in module 'ascon_fsm'
---------------------------------------------------------------------------------------------------
                   State |                     New Encoding |                Previous Encoding 
---------------------------------------------------------------------------------------------------
                    idle |                              000 | 00000000000000000000000000000000
                  load_0 |                              001 | 00000000000000000000000000000001
                  load_1 |                              010 | 00000000000000000000000000000010
                 shift_0 |                              011 | 00000000000000000000000000000011
                 shift_1 |                              100 | 00000000000000000000000000000100
                    stop |                              101 | 00000000000000000000000000000101
---------------------------------------------------------------------------------------------------
INFO: [Synth 8-3354] encoded FSM with state register 'current_state_reg' using encoding 'sequential' in module 'transmit'
---------------------------------------------------------------------------------------------------
                   State |                     New Encoding |                Previous Encoding 
---------------------------------------------------------------------------------------------------
                    Idle |                       0000000001 | 00000000000000000000000000000000
               Start_Rx0 |                       0000000010 | 00000000000000000000000000000001
               Start_Rx1 |                       0000000100 | 00000000000000000000000000000010
                  Rx_OVF |                       0000001000 | 00000000000000000000000000001001
                 Edge_Rx |                       0000010000 | 00000000000000000000000000000011
                Stop_Rx0 |                       0000100000 | 00000000000000000000000000000110
                Stop_Rx1 |                       0001000000 | 00000000000000000000000000000111
                Stop_Rx2 |                       0010000000 | 00000000000000000000000000001000
               Shift_Rx0 |                       0100000000 | 00000000000000000000000000000100
               Shift_Rx1 |                       1000000000 | 00000000000000000000000000000101
---------------------------------------------------------------------------------------------------
INFO: [Synth 8-3354] encoded FSM with state register 'etat_p_reg' using encoding 'one-hot' in module 'receive'
---------------------------------------------------------------------------------------------------
                   State |                     New Encoding |                Previous Encoding 
---------------------------------------------------------------------------------------------------
                    init | 0000000000000000000000000000000000000000001 | 00000000000000000000000000000000
                idle_cmd | 0000000000000000000000000000000000000000010 | 00000000000000000000000000000001
                 get_cmd | 0000000000000000000000000000000000000000100 | 00000000000000000000000000000010
                init_key | 0000000000000000000000000000000000000001000 | 00000000000000000000000000000011
               idle_key0 | 0000000000000000000000000000000000000010000 | 00000000000000000000000000000100
               idle_key1 | 0000000000000000000000000000000000000100000 | 00000000000000000000000000000101
                get_key0 | 0000000000000000000000000000000000001000000 | 00000000000000000000000000000110
                get_key1 | 0000000000000000000000000000000000010000000 | 00000000000000000000000000000111
               flush_key | 0000000000000000000000000000000000100000000 | 00000000000000000000000000001000
                 init_ad | 0000000000000000000000000000000001000000000 | 00000000000000000000000000001111
                idle_ad0 | 0000000000000000000000000000000010000000000 | 00000000000000000000000000010000
                idle_ad1 | 0000000000000000000000000000000100000000000 | 00000000000000000000000000010001
                 get_ad0 | 0000000000000000000000000000001000000000000 | 00000000000000000000000000010010
                 get_ad1 | 0000000000000000000000000000010000000000000 | 00000000000000000000000000010011
                flush_ad | 0000000000000000000000000000100000000000000 | 00000000000000000000000000010100
               init_wave | 0000000000000000000000000001000000000000000 | 00000000000000000000000000010101
              idle_wave0 | 0000000000000000000000000010000000000000000 | 00000000000000000000000000010110
              idle_wave1 | 0000000000000000000000000100000000000000000 | 00000000000000000000000000010111
               get_wave0 | 0000000000000000000000001000000000000000000 | 00000000000000000000000000011000
               get_wave1 | 0000000000000000000000010000000000000000000 | 00000000000000000000000000011001
              flush_wave | 0000000000000000000000100000000000000000000 | 00000000000000000000000000011010
              start_wave | 0000000000000000000001000000000000000000000 | 00000000000000000000000000011101
                    wave | 0000000000000000000010000000000000000000000 | 00000000000000000000000000011110
              send_wave0 | 0000000000000000000100000000000000000000000 | 00000000000000000000000000011111
              send_wave1 | 0000000000000000001000000000000000000000000 | 00000000000000000000000000100000
               start_tag | 0000000000000000010000000000000000000000000 | 00000000000000000000000000100001
                     tag | 0000000000000000100000000000000000000000000 | 00000000000000000000000000100010
               send_tag0 | 0000000000000001000000000000000000000000000 | 00000000000000000000000000100011
               send_tag1 | 0000000000000010000000000000000000000000000 | 00000000000000000000000000100100
              init_nonce | 0000000000000100000000000000000000000000000 | 00000000000000000000000000001001
             idle_nonce0 | 0000000000001000000000000000000000000000000 | 00000000000000000000000000001010
             idle_nonce1 | 0000000000010000000000000000000000000000000 | 00000000000000000000000000001011
              get_nonce0 | 0000000000100000000000000000000000000000000 | 00000000000000000000000000001100
              get_nonce1 | 0000000001000000000000000000000000000000000 | 00000000000000000000000000001101
             flush_nonce | 0000000010000000000000000000000000000000000 | 00000000000000000000000000001110
             start_ascon | 0000000100000000000000000000000000000000000 | 00000000000000000000000000011011
          wait_end_ascon | 0000001000000000000000000000000000000000000 | 00000000000000000000000000011100
                  starto | 0000010000000000000000000000000000000000000 | 00000000000000000000000000100101
                   sendo | 0000100000000000000000000000000000000000000 | 00000000000000000000000000100110
                  startk | 0001000000000000000000000000000000000000000 | 00000000000000000000000000100111
                   sendk | 0010000000000000000000000000000000000000000 | 00000000000000000000000000101000
                 startlf | 0100000000000000000000000000000000000000000 | 00000000000000000000000000101001
                  sendlf | 1000000000000000000000000000000000000000000 | 00000000000000000000000000101010
---------------------------------------------------------------------------------------------------
INFO: [Synth 8-3354] encoded FSM with state register 'etat_p_reg' using encoding 'one-hot' in module 'fsm_uart'
---------------------------------------------------------------------------------------------------
                   State |                     New Encoding |                Previous Encoding 
---------------------------------------------------------------------------------------------------
                    idle |       00000000000000000000000001 | 00000000000000000000000000000000
               conf_init |       00000000000000000000000010 | 00000000000000000000000000000001
              start_init |       00000000000000000000000100 | 00000000000000000000000000000010
                    init |       00000000000000000000001000 | 00000000000000000000000000000011
                end_init |       00000000000000000000010000 | 00000000000000000000000000000100
               idle_next |       00000000000000000000100000 | 00000000000000000000000000000101
                 conf_da |       00000000000000000001000000 | 00000000000000000000000000000111
                start_da |       00000000000000000010000000 | 00000000000000000000000000001000
                      da |       00000000000000000100000000 | 00000000000000000000000000001001
                  end_da |       00000000000000001000000000 | 00000000000000000000000000001010
                 idle_da |       00000000000000010000000000 | 00000000000000000000000000000110
       conf_first_cipher |       00000000000000100000000000 | 00000000000000000000000000001011
            first_cipher |       00000000000001000000000000 | 00000000000000000000000000001100
             conf_cipher |       00000000000010000000000000 | 00000000000000000000000000001110
            start_cipher |       00000000000100000000000000 | 00000000000000000000000000001111
                cipherP0 |       00000000001000000000000000 | 00000000000000000000000000010000
                  cipher |       00000000010000000000000000 | 00000000000000000000000000010001
              end_cipher |       00000000100000000000000000 | 00000000000000000000000000010010
             idle_cipher |       00000001000000000000000000 | 00000000000000000000000000001101
                conf_tag |       00000010000000000000000000 | 00000000000000000000000000010011
               start_tag |       00000100000000000000000000 | 00000000000000000000000000010100
                   tagP0 |       00001000000000000000000000 | 00000000000000000000000000010101
                     tag |       00010000000000000000000000 | 00000000000000000000000000010110
                 end_tag |       00100000000000000000000000 | 00000000000000000000000000010111
            wait_restart |       01000000000000000000000000 | 00000000000000000000000000011000
            idle_restart |       10000000000000000000000000 | 00000000000000000000000000011001
---------------------------------------------------------------------------------------------------
INFO: [Synth 8-3354] encoded FSM with state register 'Ep_reg' using encoding 'one-hot' in module 'fsm_moore'
---------------------------------------------------------------------------------------------------
                   State |                     New Encoding |                Previous Encoding 
---------------------------------------------------------------------------------------------------
                    IDLE |                   00000000000001 |                             0000
                    INIT |                   00000000000010 |                             0001
               WAIT_INIT |                   00000000000100 |                             0010
               ASSOCIATE |                   00000000001000 |                             0011
                 PENDING |                   00000000010000 |                             0101
          WAIT_ASSOCIATE |                   00000000100000 |                             0100
              INIT_BLOCK |                   00000001000000 |                             0110
          PROCESS_BLOCKS |                   00000010000000 |                             0111
           PENDING_BLOCK |                   00000100000000 |                             1000
              WAIT_BLOCK |                   00001000000000 |                             1001
      INTERMEDIATE_BLOCK |                   00010000000000 |                             1010
                FINALIZE |                   00100000000000 |                             1011
           WAIT_FINALIZE |                   01000000000000 |                             1100
                    DONE |                   10000000000000 |                             1101
---------------------------------------------------------------------------------------------------
INFO: [Synth 8-3354] encoded FSM with state register 'etat_p_reg' using encoding 'one-hot' in module 'ascon_fsm'
WARNING: [Synth 8-327] inferring latch for variable 'counter_reg' [C:/Users/eleves/new_fpga_25mars/new_fpga_25mars.srcs/sources_1/imports/new/fsm_ascon.sv:82]
WARNING: [Synth 8-327] inferring latch for variable 'associate_data_o_reg' [C:/Users/eleves/new_fpga_25mars/new_fpga_25mars.srcs/sources_1/imports/new/fsm_ascon.sv:91]
WARNING: [Synth 8-327] inferring latch for variable 'data_o_reg' [C:/Users/eleves/new_fpga_25mars/new_fpga_25mars.srcs/sources_1/imports/new/fsm_ascon.sv:93]
---------------------------------------------------------------------------------
Finished RTL Optimization Phase 2 : Time (s): cpu = 00:00:18 ; elapsed = 00:00:18 . Memory (MB): peak = 1563.207 ; gain = 579.957
---------------------------------------------------------------------------------
---------------------------------------------------------------------------------
Start RTL Component Statistics 
---------------------------------------------------------------------------------
Detailed RTL Component Info : 
+---Adders : 
	   2 Input   32 Bit       Adders := 1     
	   2 Input   16 Bit       Adders := 2     
	   2 Input    9 Bit       Adders := 1     
	   2 Input    4 Bit       Adders := 3     
+---XORs : 
	   2 Input    128 Bit         XORs := 2     
	   2 Input     64 Bit         XORs := 1     
	   3 Input     64 Bit         XORs := 5     
	   2 Input      8 Bit         XORs := 1     
	   2 Input      1 Bit         XORs := 1     
+---Registers : 
	             1472 Bit    Registers := 3     
	              128 Bit    Registers := 4     
	               64 Bit    Registers := 7     
	               16 Bit    Registers := 3     
	               10 Bit    Registers := 1     
	                9 Bit    Registers := 1     
	                8 Bit    Registers := 4     
	                4 Bit    Registers := 3     
	                1 Bit    Registers := 3     
+---Muxes : 
	   2 Input 1472 Bit        Muxes := 3     
	   2 Input  128 Bit        Muxes := 5     
	   2 Input   64 Bit        Muxes := 7     
	  14 Input   64 Bit        Muxes := 1     
	  43 Input   43 Bit        Muxes := 1     
	   2 Input   43 Bit        Muxes := 24    
	  15 Input   43 Bit        Muxes := 1     
	  14 Input   32 Bit        Muxes := 1     
	  26 Input   26 Bit        Muxes := 1     
	   2 Input   26 Bit        Muxes := 13    
	   2 Input   16 Bit        Muxes := 3     
	  14 Input   14 Bit        Muxes := 1     
	   2 Input   14 Bit        Muxes := 1     
	   8 Input   13 Bit        Muxes := 1     
	   2 Input   10 Bit        Muxes := 10    
	   6 Input   10 Bit        Muxes := 1     
	  10 Input   10 Bit        Muxes := 1     
	   6 Input    9 Bit        Muxes := 1     
	   2 Input    8 Bit        Muxes := 1     
	  38 Input    8 Bit        Muxes := 4     
	   2 Input    4 Bit        Muxes := 4     
	   6 Input    4 Bit        Muxes := 1     
	   6 Input    3 Bit        Muxes := 1     
	   2 Input    3 Bit        Muxes := 5     
	   2 Input    1 Bit        Muxes := 1     
	   6 Input    1 Bit        Muxes := 5     
	  10 Input    1 Bit        Muxes := 1     
	  38 Input    1 Bit        Muxes := 9     
	  26 Input    1 Bit        Muxes := 10    
	  14 Input    1 Bit        Muxes := 6     
---------------------------------------------------------------------------------
Finished RTL Component Statistics 
---------------------------------------------------------------------------------
---------------------------------------------------------------------------------
Start Part Resource Summary
---------------------------------------------------------------------------------
Part Resources:
DSPs: 220 (col length:60)
BRAMs: 280 (col length: RAMB18 60 RAMB36 30)
---------------------------------------------------------------------------------
Finished Part Resource Summary
---------------------------------------------------------------------------------
---------------------------------------------------------------------------------
Start Cross Boundary and Area Optimization
---------------------------------------------------------------------------------
WARNING: [Synth 8-7080] Parallel synthesis criteria is not met
WARNING: [Synth 8-7129] Port cipher_valid_i in module ascon_fsm is either unconnected or has no load
WARNING: [Synth 8-7129] Port RXErr_i in module fsm_uart is either unconnected or has no load
---------------------------------------------------------------------------------
Finished Cross Boundary and Area Optimization : Time (s): cpu = 00:00:27 ; elapsed = 00:00:28 . Memory (MB): peak = 1563.207 ; gain = 579.957
---------------------------------------------------------------------------------
---------------------------------------------------------------------------------
Start ROM, RAM, DSP, Shift Register and Retiming Reporting
---------------------------------------------------------------------------------

ROM: Preliminary Mapping Report
+------------+------------------------------------------------+---------------+----------------+
|Module Name | RTL Object                                     | Depth x Width | Implemented As | 
+------------+------------------------------------------------+---------------+----------------+
|sbox        | sbox_o                                         | 32x5          | LUT            | 
|ascon       | U3/Ps_instance/generate_sbox[0].sbox_u/sbox_o  | 32x5          | LUT            | 
|ascon       | U3/Ps_instance/generate_sbox[1].sbox_u/sbox_o  | 32x5          | LUT            | 
|ascon       | U3/Ps_instance/generate_sbox[2].sbox_u/sbox_o  | 32x5          | LUT            | 
|ascon       | U3/Ps_instance/generate_sbox[3].sbox_u/sbox_o  | 32x5          | LUT            | 
|ascon       | U3/Ps_instance/generate_sbox[4].sbox_u/sbox_o  | 32x5          | LUT            | 
|ascon       | U3/Ps_instance/generate_sbox[5].sbox_u/sbox_o  | 32x5          | LUT            | 
|ascon       | U3/Ps_instance/generate_sbox[6].sbox_u/sbox_o  | 32x5          | LUT            | 
|ascon       | U3/Ps_instance/generate_sbox[7].sbox_u/sbox_o  | 32x5          | LUT            | 
|ascon       | U3/Ps_instance/generate_sbox[8].sbox_u/sbox_o  | 32x5          | LUT            | 
|ascon       | U3/Ps_instance/generate_sbox[9].sbox_u/sbox_o  | 32x5          | LUT            | 
|ascon       | U3/Ps_instance/generate_sbox[10].sbox_u/sbox_o | 32x5          | LUT            | 
|ascon       | U3/Ps_instance/generate_sbox[11].sbox_u/sbox_o | 32x5          | LUT            | 
|ascon       | U3/Ps_instance/generate_sbox[12].sbox_u/sbox_o | 32x5          | LUT            | 
|ascon       | U3/Ps_instance/generate_sbox[13].sbox_u/sbox_o | 32x5          | LUT            | 
|ascon       | U3/Ps_instance/generate_sbox[14].sbox_u/sbox_o | 32x5          | LUT            | 
|ascon       | U3/Ps_instance/generate_sbox[15].sbox_u/sbox_o | 32x5          | LUT            | 
|ascon       | U3/Ps_instance/generate_sbox[16].sbox_u/sbox_o | 32x5          | LUT            | 
|ascon       | U3/Ps_instance/generate_sbox[17].sbox_u/sbox_o | 32x5          | LUT            | 
|ascon       | U3/Ps_instance/generate_sbox[18].sbox_u/sbox_o | 32x5          | LUT            | 
|ascon       | U3/Ps_instance/generate_sbox[19].sbox_u/sbox_o | 32x5          | LUT            | 
|ascon       | U3/Ps_instance/generate_sbox[20].sbox_u/sbox_o | 32x5          | LUT            | 
|ascon       | U3/Ps_instance/generate_sbox[21].sbox_u/sbox_o | 32x5          | LUT            | 
|ascon       | U3/Ps_instance/generate_sbox[22].sbox_u/sbox_o | 32x5          | LUT            | 
|ascon       | U3/Ps_instance/generate_sbox[23].sbox_u/sbox_o | 32x5          | LUT            | 
|ascon       | U3/Ps_instance/generate_sbox[24].sbox_u/sbox_o | 32x5          | LUT            | 
|ascon       | U3/Ps_instance/generate_sbox[25].sbox_u/sbox_o | 32x5          | LUT            | 
|ascon       | U3/Ps_instance/generate_sbox[26].sbox_u/sbox_o | 32x5          | LUT            | 
|ascon       | U3/Ps_instance/generate_sbox[27].sbox_u/sbox_o | 32x5          | LUT            | 
|ascon       | U3/Ps_instance/generate_sbox[28].sbox_u/sbox_o | 32x5          | LUT            | 
|ascon       | U3/Ps_instance/generate_sbox[29].sbox_u/sbox_o | 32x5          | LUT            | 
|ascon       | U3/Ps_instance/generate_sbox[30].sbox_u/sbox_o | 32x5          | LUT            | 
|ascon       | U3/Ps_instance/generate_sbox[31].sbox_u/sbox_o | 32x5          | LUT            | 
|ascon       | U3/Ps_instance/generate_sbox[32].sbox_u/sbox_o | 32x5          | LUT            | 
|ascon       | U3/Ps_instance/generate_sbox[33].sbox_u/sbox_o | 32x5          | LUT            | 
|ascon       | U3/Ps_instance/generate_sbox[34].sbox_u/sbox_o | 32x5          | LUT            | 
|ascon       | U3/Ps_instance/generate_sbox[35].sbox_u/sbox_o | 32x5          | LUT            | 
|ascon       | U3/Ps_instance/generate_sbox[36].sbox_u/sbox_o | 32x5          | LUT            | 
|ascon       | U3/Ps_instance/generate_sbox[37].sbox_u/sbox_o | 32x5          | LUT            | 
|ascon       | U3/Ps_instance/generate_sbox[38].sbox_u/sbox_o | 32x5          | LUT            | 
|ascon       | U3/Ps_instance/generate_sbox[39].sbox_u/sbox_o | 32x5          | LUT            | 
|ascon       | U3/Ps_instance/generate_sbox[40].sbox_u/sbox_o | 32x5          | LUT            | 
|ascon       | U3/Ps_instance/generate_sbox[41].sbox_u/sbox_o | 32x5          | LUT            | 
|ascon       | U3/Ps_instance/generate_sbox[42].sbox_u/sbox_o | 32x5          | LUT            | 
|ascon       | U3/Ps_instance/generate_sbox[43].sbox_u/sbox_o | 32x5          | LUT            | 
|ascon       | U3/Ps_instance/generate_sbox[44].sbox_u/sbox_o | 32x5          | LUT            | 
|ascon       | U3/Ps_instance/generate_sbox[45].sbox_u/sbox_o | 32x5          | LUT            | 
|ascon       | U3/Ps_instance/generate_sbox[46].sbox_u/sbox_o | 32x5          | LUT            | 
|ascon       | U3/Ps_instance/generate_sbox[47].sbox_u/sbox_o | 32x5          | LUT            | 
|ascon       | U3/Ps_instance/generate_sbox[48].sbox_u/sbox_o | 32x5          | LUT            | 
|ascon       | U3/Ps_instance/generate_sbox[49].sbox_u/sbox_o | 32x5          | LUT            | 
|ascon       | U3/Ps_instance/generate_sbox[50].sbox_u/sbox_o | 32x5          | LUT            | 
|ascon       | U3/Ps_instance/generate_sbox[51].sbox_u/sbox_o | 32x5          | LUT            | 
|ascon       | U3/Ps_instance/generate_sbox[52].sbox_u/sbox_o | 32x5          | LUT            | 
|ascon       | U3/Ps_instance/generate_sbox[53].sbox_u/sbox_o | 32x5          | LUT            | 
|ascon       | U3/Ps_instance/generate_sbox[54].sbox_u/sbox_o | 32x5          | LUT            | 
|ascon       | U3/Ps_instance/generate_sbox[55].sbox_u/sbox_o | 32x5          | LUT            | 
|ascon       | U3/Ps_instance/generate_sbox[56].sbox_u/sbox_o | 32x5          | LUT            | 
|ascon       | U3/Ps_instance/generate_sbox[57].sbox_u/sbox_o | 32x5          | LUT            | 
|ascon       | U3/Ps_instance/generate_sbox[58].sbox_u/sbox_o | 32x5          | LUT            | 
|ascon       | U3/Ps_instance/generate_sbox[59].sbox_u/sbox_o | 32x5          | LUT            | 
|ascon       | U3/Ps_instance/generate_sbox[60].sbox_u/sbox_o | 32x5          | LUT            | 
|ascon       | U3/Ps_instance/generate_sbox[61].sbox_u/sbox_o | 32x5          | LUT            | 
|ascon       | U3/Ps_instance/generate_sbox[62].sbox_u/sbox_o | 32x5          | LUT            | 
|ascon       | U3/Ps_instance/generate_sbox[63].sbox_u/sbox_o | 32x5          | LUT            | 
+------------+------------------------------------------------+---------------+----------------+

---------------------------------------------------------------------------------
Finished ROM, RAM, DSP, Shift Register and Retiming Reporting
---------------------------------------------------------------------------------
---------------------------------------------------------------------------------
Start Applying XDC Timing Constraints
---------------------------------------------------------------------------------
---------------------------------------------------------------------------------
Finished Applying XDC Timing Constraints : Time (s): cpu = 00:00:32 ; elapsed = 00:00:34 . Memory (MB): peak = 1563.207 ; gain = 579.957
---------------------------------------------------------------------------------
---------------------------------------------------------------------------------
Start Timing Optimization
---------------------------------------------------------------------------------
---------------------------------------------------------------------------------
Finished Timing Optimization : Time (s): cpu = 00:00:36 ; elapsed = 00:00:37 . Memory (MB): peak = 1596.645 ; gain = 613.395
---------------------------------------------------------------------------------
---------------------------------------------------------------------------------
Start Technology Mapping
---------------------------------------------------------------------------------
---------------------------------------------------------------------------------
Finished Technology Mapping : Time (s): cpu = 00:00:38 ; elapsed = 00:00:39 . Memory (MB): peak = 1597.703 ; gain = 614.453
---------------------------------------------------------------------------------
---------------------------------------------------------------------------------
Start IO Insertion
---------------------------------------------------------------------------------
---------------------------------------------------------------------------------
Start Flattening Before IO Insertion
---------------------------------------------------------------------------------
---------------------------------------------------------------------------------
Finished Flattening Before IO Insertion
---------------------------------------------------------------------------------
---------------------------------------------------------------------------------
Start Final Netlist Cleanup
---------------------------------------------------------------------------------
---------------------------------------------------------------------------------
Finished Final Netlist Cleanup
---------------------------------------------------------------------------------
---------------------------------------------------------------------------------
Finished IO Insertion : Time (s): cpu = 00:00:42 ; elapsed = 00:00:44 . Memory (MB): peak = 1597.703 ; gain = 614.453
---------------------------------------------------------------------------------
---------------------------------------------------------------------------------
Start Renaming Generated Instances
---------------------------------------------------------------------------------
---------------------------------------------------------------------------------
Finished Renaming Generated Instances : Time (s): cpu = 00:00:42 ; elapsed = 00:00:44 . Memory (MB): peak = 1597.703 ; gain = 614.453
---------------------------------------------------------------------------------
---------------------------------------------------------------------------------
Start Rebuilding User Hierarchy
---------------------------------------------------------------------------------
---------------------------------------------------------------------------------
Finished Rebuilding User Hierarchy : Time (s): cpu = 00:00:43 ; elapsed = 00:00:44 . Memory (MB): peak = 1597.703 ; gain = 614.453
---------------------------------------------------------------------------------
---------------------------------------------------------------------------------
Start Renaming Generated Ports
---------------------------------------------------------------------------------
---------------------------------------------------------------------------------
Finished Renaming Generated Ports : Time (s): cpu = 00:00:43 ; elapsed = 00:00:44 . Memory (MB): peak = 1597.703 ; gain = 614.453
---------------------------------------------------------------------------------
---------------------------------------------------------------------------------
Start Handling Custom Attributes
---------------------------------------------------------------------------------
---------------------------------------------------------------------------------
Finished Handling Custom Attributes : Time (s): cpu = 00:00:43 ; elapsed = 00:00:44 . Memory (MB): peak = 1597.703 ; gain = 614.453
---------------------------------------------------------------------------------
---------------------------------------------------------------------------------
Start Renaming Generated Nets
---------------------------------------------------------------------------------
---------------------------------------------------------------------------------
Finished Renaming Generated Nets : Time (s): cpu = 00:00:43 ; elapsed = 00:00:44 . Memory (MB): peak = 1597.703 ; gain = 614.453
---------------------------------------------------------------------------------
---------------------------------------------------------------------------------
Start Writing Synthesis Report
---------------------------------------------------------------------------------

Report BlackBoxes: 
+------+--------------+----------+
|      |BlackBox name |Instances |
+------+--------------+----------+
|1     |ila_1         |         1|
|2     |clk_wiz_0     |         1|
|3     |ila_0         |         1|
+------+--------------+----------+

Report Cell Usage: 
+------+--------+------+
|      |Cell    |Count |
+------+--------+------+
|1     |clk_wiz |     1|
|2     |ila     |     2|
|4     |BUFG    |     2|
|5     |CARRY4  |    26|
|6     |LUT1    |     9|
|7     |LUT2    |  1957|
|8     |LUT3    |  1925|
|9     |LUT4    |   287|
|10    |LUT5    |   310|
|11    |LUT6    |   240|
|12    |FDCE    |  4121|
|13    |FDPE    |    17|
|14    |LD      |    97|
|15    |IBUF    |     5|
|16    |OBUF    |     5|
+------+--------+------+
---------------------------------------------------------------------------------
Finished Writing Synthesis Report : Time (s): cpu = 00:00:43 ; elapsed = 00:00:44 . Memory (MB): peak = 1597.703 ; gain = 614.453
---------------------------------------------------------------------------------
Synthesis finished with 0 errors, 0 critical warnings and 6 warnings.
Synthesis Optimization Runtime : Time (s): cpu = 00:00:32 ; elapsed = 00:00:41 . Memory (MB): peak = 1597.703 ; gain = 554.516
Synthesis Optimization Complete : Time (s): cpu = 00:00:43 ; elapsed = 00:00:45 . Memory (MB): peak = 1597.703 ; gain = 614.453
INFO: [Project 1-571] Translating synthesized netlist
Netlist sorting complete. Time (s): cpu = 00:00:00 ; elapsed = 00:00:00.112 . Memory (MB): peak = 1609.473 ; gain = 0.000
INFO: [Netlist 29-17] Analyzing 123 Unisim elements for replacement
INFO: [Netlist 29-28] Unisim Transformation completed in 0 CPU seconds
INFO: [Project 1-570] Preparing netlist for logic optimization
INFO: [Opt 31-138] Pushed 0 inverter(s) to 0 load pin(s).
Netlist sorting complete. Time (s): cpu = 00:00:00 ; elapsed = 00:00:00.002 . Memory (MB): peak = 1616.133 ; gain = 0.000
INFO: [Project 1-111] Unisim Transformation Summary:
  A total of 97 instances were transformed.
  LD => LDCE: 97 instances

Synth Design complete, checksum: 634a2c2
INFO: [Common 17-83] Releasing license: Synthesis
116 Infos, 14 Warnings, 0 Critical Warnings and 0 Errors encountered.
synth_design completed successfully
synth_design: Time (s): cpu = 00:00:49 ; elapsed = 00:00:51 . Memory (MB): peak = 1616.133 ; gain = 1039.062
INFO: [Common 17-600] The following parameters have non-default value.
tcl.collectionResultDisplayLimit
INFO: [Common 17-1381] The checkpoint 'C:/Users/eleves/new_fpga_25mars/new_fpga_25mars.runs/synth_1/inter_spartan.dcp' has been generated.
INFO: [runtcl-4] Executing : report_utilization -file inter_spartan_utilization_synth.rpt -pb inter_spartan_utilization_synth.pb
INFO: [Common 17-206] Exiting Vivado at Tue Mar 25 18:38:15 2025...
